hvað fsheo var sfg1eþ ég fp1en [AP  búinn lkensf AP]  að cn segja sng ykkur fp2fþ um ao jólin nhfog , , [SCP  þegar c  SCP] ég fp1en var sfg1eþ [AP  lítill lkensf AP]  ? ? 
- - þú fp2en varst sfg2eþ látinn sþgken hátta sng . . 
 [AdvP svo aa  AdvP] kom sfg3eþ pabbi nken þinn feken . . 
saga nven [AP  vísindalegrar lveesf AP]  sálfræði nvee er sfg3en [AdvP  ekki aa  AdvP]   [AP [AdvP ýkja aa  AdvP] löng lvensf AP]  , , [AdvP  rétt aa  AdvP] eitt to hundrað nhen ára nhfe . . 
 [CP en c  CP] [AP  sálfræðileg lhfnsf AP]  viðfangsefni nhfn hafa sfg3fn verið ssg manninum nkeþg [AP  hugleikin lhfnsf AP]  [AdvP  svo aa  AdvP]  [AdvP lengi aa  AdvP]  [SCP sem c  SCP] sögur nvfn herma sfg3fn . . 
það fphen gerðist sfm3eþ [AdvP  ekki aa  AdvP]  [SCP nema c  SCP]  [SCP þegar c  SCP] Nóra nven-m var sfg3eþ [AP  ein lvensf AP]  [AdvP  heima aa  AdvP] , , [SCP  þegar c  SCP] enginn foken annar foken var sfg3eþ í aþ íbúðinni nveþg . . 
hún fpven vissi sfg3eþ [AdvP  ekki aa  AdvP]  [AdvP nákvæmlega aa  AdvP]  [AdvP hvenær aa  AdvP] það fphen byrjaði sfg3eþ , , [CP  en c  CP] [MWE_AdvP  einhvern fokeo veginn nkeog  MWE_AdvP] tengdist sfm3eþ það fphen [AdvP  samt aa  AdvP] viðgerðunum nvfþg , , [SCP  þegar c  SCP] Andrés nken-m skipti sfg3eþ um ao veggfóður nheo [AdvP  allsstaðar aa  AdvP] , , [CP  og c  CP] þau fphfn fundu sfg3fþ [MWE_AdvP  hér aa og c hvar aa  MWE_AdvP] [AP  gamla lkfosf AP]  skápa nkfo [SCP  sem ct  SCP] hafði sfg3eþ verið ssg neglt sþghen fyrir ao . . 
Alís nven-m var sfg3eþ orðin sþgven [AP  leið lvensf AP]  á aþ að cn sitja sng hjá aþ systur nveþ sinni feveþ  [MWE_PP uppi aa á aþ  MWE_PP] bakkanum nkeþg , , [MWE_CP  án ae þess fphee að cn MWE_CP]  hafa sng nokkuð foheo fyrir aþ stafni nkeþ . . 
 [MWE_AdvP við aa og c við aa  MWE_AdvP] gægðist sfm3eþ hún fpven  [MWE_PP yfir aa í ao  MWE_PP] bókina nveog , , [SCP  sem ct  SCP] systir nven hennar fpvee var sfg3eþ að cn lesa sng , , [CP  en c  CP]  [AdvP þar aa  AdvP] var sfg3eþ [SCP  hvorki c  SCP] að cn finna sng neinar fovfo myndir nvfo [CP  né c  CP] samtöl nhfo , , « « [CP  og c  CP] hvaða fshen gagn nhen er sfg3en , , » » hugsaði sfg3eþ Alís nven-m , , « « í aþ bókum nvfþ án ae samtala nhfe [CP  og c  CP] mynda nvfe ? ? » » 
 [AdvP svo aa  AdvP] var sfg3eþ hún fpven að cn bræða sng það fpheo með aþ sér fpveþ í aþ huganum nkeþg ( ( eftir aþ því faheþ [SCP  sem c  SCP] hún fpven gat sfg3eþ , , því fpheþ það fphen var sfg3eþ  [AP [AdvP  svo aa  AdvP] heitt lhensf AP]  í aþ veðri nheþ , , [SCP  að c  SCP] hún fpven varð sfg3eþ [SCP  bæði c  SCP] [AP  syfjuð lvensf AP]  [CP  og c  CP] [AP  löt lvensf AP]  ) ) , , [SCP  hvort c  SCP] það fahen væri svg3eþ [AP  nógu lheþsf AP]  gaman nhen að cn hnýta sng krans nkeo úr aþ baldursbrám nvfþ , , [AdvP  svo aa  AdvP] hún fpven ætti svg3eþ að cn nenna sng að cn hafa sng fyrir aþ því fpheþ að cn rísa sng á ao fætur nkfo [MWE_CP  til ae að cn MWE_CP]  tína sng þær fpvfo , , - - [SCP  þegar c  SCP] [AP  hvít lvensf AP]  kanína nven með ao [AP  bleikrauð lhfosf AP]  augu nhfo skaust sfm3eþ [MWE_AdvP  allt fohen í aþ einu lheþsf MWE_AdvP]  hjá aþ henni fpveþ . . 
hauststemmning nven í aþ Reykjavík nveþ-ö . . 
skólar nkfn byrja sfg3fn [AdvP  bráðum aa  AdvP]  [AdvP aftur aa  AdvP] . . 
ég fp1en stökk sfg1eþ  [MWE_PP á aa eftir aþ  MWE_PP] strætó nkeþ [CP  og c  CP] veifaði sfg1eþ , , vagnstjórinn nkeng sá sfg3eþ mig fp1eo [CP  og c  CP] stoppaði sfg3eþ . . 
ég fp1en tautaði sfg1eþ [InjP  takk au  InjP]  [CP og c  CP] brosti sfg1eþ til ae hans fpkee [MWE_CP  um ao leið nveo og c  MWE_CP] ég fp1en lét sfg1eþ miðann nkeog detta sng . . 
  [AP [AdvP tiltölulega aa  AdvP] friðsamt lhensf AP]  var sfg3eþ á aþ vinnumarkaðinum nkeþg á aþ Íslandi nheþ-ö árið nheog 1982 ta . . 
heildarkjarasamningar nkfn milli ae Vinnuveitendasambands nhee-s Íslands nhee-ö [CP  og c  CP] Alþýðusambands nhee-s Íslands nhee-ö voru sfg3fþ undirritaðir sþgkfn [AP  30. lkeovf AP]  júní nkeo [CP  og c  CP] hafði sfg3eþ [AdvP  þá aa  AdvP] samningagerðin nveng staðið ssg [AdvP  lengi aa  AdvP] . . 
 [AP erfitt lhensf AP]  er sfg3en að cn segja sng [AdvP  til aa  AdvP] um ao [AdvP  hvenær aa  AdvP] þetta fahen byrjaði sfg3eþ allt fohen [AdvP  saman aa  AdvP] . . 
Ben nken-m Hardin nken-m átti sfg3eþ [AdvP  áreiðanlega aa  AdvP]  [AdvP ekki aa  AdvP] upptökin nhfog . . 
124 ta var sfg3eþ [AP  andstyggilegt lhensf AP]  . . 
 [AP undirlagt lhensf AP]  illkvittni nveþ barns nhee . . 
ég fp1en var sfg1eþ [AP  mætt lvensf AP]  á ao Skalla nkeo-s klukkan nveng [AdvP  hálf aa  AdvP] níu ta [MWE_CP  eins aa og c  MWE_CP] við fp1fn höfðum sfg1fþ talað ssg [AdvP  um aa  AdvP] . . 
hann fpken var sfg3eþ [AdvP  ekki aa  AdvP] kominn sþgken . . 
sumir fokfn [AP  fullorðnir lkfnsf AP]  halda sfg3fn [SCP  að c  SCP] maður nken verði svg3en  [AP [AdvP  ekki aa  AdvP] ástfanginn lkensf AP]  [AdvP  fyrr aam  AdvP]  [CP en c  CP] maður nken er sfg3en orðin sþgven þrettán tfhfe ára nhfe [CP  og c  CP] kominn sþgken í ao [AP  sjöunda lkeovf AP]  bekk nkeo . . 
 [CP en c  CP] maður nken verður sfg3en það fphen . . 
það fphen var sfg3eþ mér fp1eþ [AP  mikið lhensf AP]  tilhlökkunarefni nhen að cn fara sng til ae Reykjavíkur nvee-ö [CP  og c  CP] setjast snm  [MWE_PP aftur aa á ao  MWE_PP] skólabekk nkeo eftir ao tveggja tfhfe ára nhfe hlé nheo . . 
kaupið nheng mitt fehen af aþ símanum nkeþg dugði sfg3eþ [AdvP  ekki aa  AdvP]  [AdvP lengi aa  AdvP] , , [CP  en c  CP] mamma nven [CP  og c  CP] pabbi nken lögðu sfg3fþ sitt feheo af aþ mörkum nhfþ . . 
í aþ september nkeþ árið nheog 1944 ta kom sfg3eþ [AP  nýkjörinn lkensf AP]  forseti nken lýðveldisins nheeg í ao [AP  opinbera lveosf AP]  heimsókn nveo til ae Keflavíkur nvee-ö . . 
það fphen var sfg3eþ tekið sþghen  [MWE_PP á aa móti aþ  MWE_PP] honum fpkeþ á aþ Vatnsnestorgi nheþ-ö , , [CP  og c  CP] ég fp1en spurði sfg1eþ sjálfan fbkeo mig fp1eo : : [MWE_AdvP  hvers fshee vegna ae  MWE_AdvP] er sfg1en ég fp1en  [AP [AdvP  ekki aa  AdvP] lítil lvensf AP]  stúlka nven í aþ þjóðbúningi nkeþ að cn færa sng honum fpkeþ blóm nhfo ? ? 
ég fp1en var sfg1eþ níu tfhfe ára nhfe [AP  gamall lkensf AP]  . . 
í ao [AP  fyrsta lheove AP]  sinn nheo vorum sfg1fþ við fp1fn [AdvP  útfrá aa  AdvP] dag nkeo einn fokeo snemma ae vors nhee í aþ [AP  heiðskíru lheþsf AP]  veðri nheþ . . 
pabbi nken hafði sfg3eþ fest sng kaup nhfo á aþ [AP  gömlum lkeþsf AP]  fiskimannakofa nkeþ á aþ tanga nkeþ  [MWE_PP úti aa við ao  MWE_PP] sjóinn nkeog . . 
 [AP skjannahvítar lvfnsf AP]  raðir nvfn krossanna nkfeg teygðust sfm3fþ [AP  langar lvfosf AP]  leiðir nvfo . . 
þær fpvfn voru sfg3fþ [AP  þráðbeinar lvfnsf AP]  , , [CP  og c  CP] bilin nhfng milli ae krossa nkfe [CP  og c  CP] raða nvfe [AP  hnífjöfn lhfnsf AP]  . . 
 [SCP þótt c  SCP] Kópavogur nken-ö sé svg3en mér fp1eþ [AP  hjartfólginn lkensf AP]  , , er sfg1en ég fp1en [AP  bundin lvensf AP]  Reykjavík nveþ-ö [AP  órjúfanlegum lhfþsf AP]  böndum nhfþ . . 
 [AdvP þar aa  AdvP] er sfg1en ég fp1en fædd sþgven [CP  og c  CP] uppalin sþgven . . 
árið nheog 1662 ta kom sfg3eþ [AdvP  út aa  AdvP] bókin nveng The nxen-s Sceptical nxen-s Chymist nxen-s » » ( ( hinn gken [AP  gagnrýni lkenvf AP]  efnafræðingur nken ) ) eftir ao Robert nkeo-m Boyle nkeo-m . . 
hann fpken réðst sfm3eþ að aþ kenningum nvfþ gullgerðarmanna nkfe [CP  og c  CP] setti sfg3eþ  [AP [AdvP  fram aa  AdvP] nýjar lvfosf AP]  kenningar nvfo byggðar sþgvfo á aþ niðurstöðum nvfþ tilrauna nvfe . . 
fyrir aþ nokkrum fokfþ áratugum nkfþ mundi sfg3eþ þessi faven þjóð nven [AP  margra lvfesf AP]  alda nvfe sögu nveo sína feveo [MWE_CP  eins aa og c  MWE_CP] hún fpven hefði svg3eþ öll foven gerst ssm [AdvP  í aa  AdvP]  [AdvP gær aa  AdvP] . . 
 [AdvP nú aa  AdvP] týnist sfm3en sagan nveng [AdvP  svo aa  AdvP] í aþ umróti nheþ tímans nkeeg , , [SCP  að c  SCP] [AP  margur lkensf AP]  spyr sfg3en : : « « hver fsken var sfg3eþ Einar nken-m Þorgilsson nken-m ? ? » » 
- - [AdvP  þó aa  AdvP] er sfg3en [AdvP  ekki aa  AdvP]  [SCP nema c  SCP] mannsaldurinn nkeng [SCP  síðan c  SCP] Einar nken-m Þorgilsson nken-m var sfg3eþ [AP  ríkasti lkenve AP]  maður nken í aþ Hafnarfirði nkeþ-ö , , gerði sfg3eþ [AdvP  út aa  AdvP] tvo tfkfo togara nkfo , , var sfg3eþ [AP  stór lkensf AP]  fiskkaupmaður nken [CP  og c  CP] rak sfg3eþ [AP  mikla lveosf AP]  verslun nveo , , var sfg3eþ í aþ öllum fohfþ ráðum nhfþ [CP  og c  CP] nefndum nvfþ [AP  vaxandi lkeeof AP]  bæjar nkee [CP  og c  CP] þess fakee [AP  þriðja lkeevf AP]  [AP  stærsta lkeeve AP]  í aþ landinu nheþg , , lagði sfg3eþ að aþ honum fpkeþ grunninn nkeog má sfg3en segja sng ásamt aþ hinum fakeþ jarlinum nkeþg , , [CP  og c  CP] var sfg3eþ þingmaður nken Gullbringu- nvee-ö [CP  og c  CP] Kjósarsýslu nvee-ö , , - - [CP  og c  CP]  [AdvP þá aa  AdvP] mætti sfg3eþ hann fpken [AdvP  þó aa  AdvP] [MWE_AdvP  ekki aa síst aae  MWE_AdvP] geymast snm í aþ sögunni nveþg fyrir ao að cn gera sng  [AP [AdvP  út aa  AdvP] fyrsta lkeove AP]  togara nkeo okkar fp1fe Íslendinga nkfe-s . . 
vetur nken í aþ Milano nxeþ-ö . . 
 [AP fokdýrar lvfnsf AP]  fólksbifreiðar nvfn í aþ röð nveþ við ao gangstétt nveo í aþ úthverfi nheþ . . 
Emil nken-m horfði sfg3eþ [AP  heillaður lkensf AP]  inní ao augu nhfo hvolpsins nkeeg , , gleymdi sfg3eþ stund nveþ [CP  og c  CP] stað nkeþ , , ekkert fohen var sfg3eþ [AdvP  til aa  AdvP]  [SCP nema c  SCP] þessi fahfn [AP  brúnu lhfnvf AP]  , , [AP  saklausu lhfnvf AP]  augu nhfn [SCP  sem ct  SCP] honum fpkeþ fannst sfm3eþ hann fpken sogast snm inní ao . . 
- - finnst sfm3en þér fp2eþ Vaskur nken-m  [AP [AdvP  ekki aa  AdvP] fínt lhensf AP]  nafn nhen ? ? 
hann fpken hrökk sfg3eþ uppúr aþ hugleiðslu nveþ sinni feveþ . . 
Anna nven-m flýtti sfg3eþ klukkunni nveþg [MWE_CP  um ao leið nveo og c  MWE_CP] flugvélin nveng lækkaði sfg3eþ sig fpveo til ae lendingar nvee [CP  og c  CP] var sfg3eþ á aþ augabragði nheþ svipt sþgven sex tfvfþ klukkustundum nvfþ úr aþ lífi nheþ sínu feheþ . . 
hún fpven fann sfg3eþ til ae ónota nhfe . . 
þetta fahen [AP  þriðja lhenvf AP]  [CP  og c  CP] [AP  síðasta lhenve AP]  bindi nhen frásagna nvfe um ao ævi nveo [CP  og c  CP] störf nhfo Eysteins nkee-m Jónssonar nkee-m nær sfg3en frá aþ [AP  öndverðu lheþsf AP]  ári nheþ 1956 ta [MWE_CP  til ae þess fphee að c  MWE_CP] ritun nveþ lýkur sfg3en [AdvP  nú aa  AdvP] , , haustið nheog 1985 ta . . 
 [AdvP enn aa  AdvP] er sfg3en [AP  tíðindasamt lhensf AP]  á aþ ferli nkeþ Eysteins nkee-m , , veðrin nhfng [AP  tvenn lhfnsf AP]  [CP  og c  CP] [AP  þrenn lhfnsf AP]  [MWE_CP  eins aa og c  MWE_CP] [AdvP  þar aa  AdvP] stendur sfg3en . . 
- - Guðrún nven-m , , ég fp1en kem sfg1en [AdvP  ekki aa  AdvP] í ao mat nkeo í ao kvöld nheo . . 
hún fpven stóð sfg3eþ með ao símann nkeog  [MWE_PP fyrir ao framan aa  MWE_PP] eldavélina nveog [CP  og c  CP] horfði sfg3eþ á ao [AP  hvíta lveosf AP]  froðu nveo vella sng undan aþ pottlokinu nheþg . . 
- - ég fp1en gleymdi sfg1eþ að cn segja sng þér fp2eþ það fpheo í ao morgun nkeo . . 
ungfrú nven Hunter nven-m mætti sfg3eþ [AdvP  seint aa  AdvP] í ao samkvæmið nheog . . 
 [AP ungi lkenvf AP]  [AP  kalíforníski lkenvf AP]  ökumaðurinn nkeng [SCP  sem ct  SCP] falið sþghen var sfg3eþ að cn sækja sng hana fpveo í aþ [AP  ljóslillaðri lveþsf AP]  stórbifreið nveþ sjúkrahússins nheeg ók sfg3eþ [AP  lengri lveovm AP]  [CP  og c  CP] [AP  fallegri lveovm AP]  leiðina nveog [MWE_CP  til ae þess fphee að cn MWE_CP]  sýna sng henni fpveþ náttúrufegurðina nveog . . 
 [MWE_CP eins aa og c  MWE_CP] getið sþghen er sfg3en í aþ Árbók nveþ-s F. nhee-s Í. nhee-ö 1984 ta er sfg3en  [AP [AdvP  næsta aa  AdvP] ljóst lhensf AP]  [SCP  að c  SCP] Reykjanesskagi nken-ö hefur sfg3en byggst ssm [AdvP  upp aa  AdvP]  [AdvP austan aa  AdvP]  [AdvP frá aa  AdvP] , , [MWE_AdvP  eða c öllu foheþ heldur aam  MWE_AdvP] [AdvP  norðaustan aa  AdvP] . . 
hann fpken er sfg3en  [AP [AdvP  því aa  AdvP] eldri lkenvm AP]  á aþ því faheþ svæði nheþ [CP  en c  CP]  [AdvP vestar aam  AdvP] . . 
hún fpven kunni sfg3eþ [AdvP  strax aa  AdvP] í aþ æsku nveþ að cn koma sng til ae hvers fokee [AP  einasta lkeevf AP]  manns nkee , , [MWE_AdvP  sama fbhen hvort fohen MWE_AdvP]  það fphen var sfg3eþ gamalmenni nhen [CP  eða c  CP] barn nhen . . 
hún fpven gaf sfg3eþ [AdvP  líka aa  AdvP]   [AP [AdvP mjög aa  AdvP] mikið lheosf AP]  af aþ sjálfri fbveþ sér fpveþ , , [SCP  ef c  SCP] einhver foken þurfti sfg3eþ á aþ henni fpveþ að cn halda sng . . 
eitt foheo vor nheo [SCP  þegar c  SCP] froskmaðurinn nkeng var sfg3eþ á aþ sundi nheþ  [MWE_PP fram aa með aþ  MWE_PP] ströndinni nveþg , , svamlaði sfg3eþ [AdvP  þar aa  AdvP] [MWE_AdvP  fram aa og c aftur aa  MWE_AdvP] í aþ leit nveþ að aþ einhverju foheþ [SCP  sem ct  SCP] hann fpken vissi sfg3eþ [AdvP  ekki aa  AdvP] hvað fshen var sfg3eþ , , varð sfg3eþ hann fpken fyrir aþ reynslu nveþ [SCP  sem ct  SCP] hann fpken kallaði sfg3eþ með aþ sjálfum fbkeþ sér fpkeþ hafhillingar nvfo . . 
hann fpken nefndi sfg3eþ ofsjónirnar nvfog við ao engan fokeo [CP  og c  CP] um ao veturinn nkeog hafði sfg3eþ hann fpken [AdvP  næstum aa  AdvP] gleymt ssg þeim fpvfþ . . 
 [AdvP þar aa  AdvP] er sfg3en til ae máls nhee að cn taka sng [SCP  að c  SCP]  [AdvP fljótlega aa  AdvP] uppúr aþ stríðslokum nhfþ var sfg3eþ [AP  eldgamla lvenvf AP]  Ísafold nven-s [AdvP  óvænt aa  AdvP] , , [CP  en c  CP] með aþ [AP  rökréttum lkeþsf AP]  aðdraganda nkeþ , , komin sþgven í ao þjóðbraut nveo veraldar nvee [CP  og c  CP] háloftin nhfng orðin sþgven sú faven leið nven [SCP  sem ct  SCP] [AP  greiðfærust lvense AP]  var sfg3eþ til ae annarra fohfe landa nhfe . . 
flugtími nken til ae meginlands nhee Evrópu nvee-ö með aþ millilendingu nveþ í aþ Skotlandi nheþ-ö var sfg3eþ [AdvP  um aa  AdvP] tíu tfkfn tímar nkfn , , [CP  en c  CP] til ae Amríku nvee-ö alltað aþ fimmtán tfvfþ klukkustundum nvfþ með aþ viðtöf nveþ á aþ Nýfundnalandi nheþ-ö . . 
« « ég fp1en gæti svg1eþ [AdvP  svo aa  AdvP]  [AdvP sem aa  AdvP] látið ssg reka sng , , » » hugsaði sfg3eþ hann fpken með aþ sér fpkeþ , , [CP  og c  CP] blundað ssg [CP  og c  CP] brugðið ssg færislykkju nveþ um ao tána nveog á aþ mér fp1eþ [MWE_CP  til ae að cn MWE_CP]  vekja sng mig fp1eo . . 
 [CP en c  CP] í ao dag nkeo er sfg3en [AP  áttugasti lkenvf AP]  [CP  og c  CP] [AP  fimmti lkenvf AP]  dagurinn nkeng [CP  og c  CP] ég fp1en þyrfti svg1eþ [AdvP  helst aae  AdvP] að cn veiða sng [AdvP  vel aa  AdvP] í ao dag nkeo . . 
í aþ aftakaveðri nheþ á aþ haustmánuðum nkfþ árið nheog 1947 ta sigldi sfg3eþ Gerður nven-m Helgadóttir nven-m af aþ stað nkeþ með aþ Vatnajökli nkeþ-s  [MWE_PP út aa í ao  MWE_PP] heim nkeo í aþ leit nveþ að aþ þekkingu nveþ , , frægð nveþ [CP  og c  CP] frama nkeþ . . 
 [AdvP þar aa  AdvP]  [AdvP með aa  AdvP] hófst sfm3eþ [AdvP  hartnær aa  AdvP] 30 tfhfe ára nhfe vegferð nven . . 
þetta fahen voru sfg3fþ árin nhfng [AP  gullnu lhfnvf AP]  í aþ sögu nveþ fjölskyldunnar nveeg ... ... 
 [CP en c  CP]  [AdvP ekki aa  AdvP]  [AdvP heldur aam  AdvP]  [AdvP þá aa  AdvP] var sfg3eþ þessi faven eyja nven Hamingjunnar nveegs reitur nken , , því fpheþ hamingjan nveng bjó sfg3eþ í aþ annarri foveþ heimsálfu nveþ , ,  [MWE_PP fyrir ao vestan aa  MWE_PP] hið gheo [AP  mikla lheovf AP]  haf nheo , , [SCP  sem ct  SCP]  [AdvP oftast aae  AdvP] var sfg3eþ [AP  kalt lhensf AP]  [CP  og c  CP] [AP  illvígt lhensf AP]  [CP  og c  CP] [AP  gráúfið lhensf AP]  [CP  og c  CP] braut sfg3eþ á aþ ströndunum nvfþg af aþ  [AP [AdvP  svo aa  AdvP] miklum lkeþsf AP]  ofsa nkeþ [SCP  að c  SCP]  [AdvP langt aa  AdvP] uppí aþ landi nheþ , , úr aþ augsýn nveþ við ao allt foheo þetta faheo [AP  þunga lheovf AP]  vatn nheo , , mátti sfg3eþ heyra sng brimdunur nvfo með aþ því fpheþ að cn leggja sng eyra nheo að aþ jörðinni nveþg . . 
fjölskylda nven spákonunnar nveeg í ao [AP  gamla lheþvf AP]  húsinu nheþg átti sfg3eþ [AdvP  þó aa  AdvP] hlutdeild nveo í aþ hamingjunni nveþg , , útaf aþ þessu faheþ , , [SCP  að c  SCP] hún fpven Gógó nven-m [SCP  sem ct  SCP] var sfg3eþ dóttir nven spákonunnar nveeg [CP  og c  CP]  [SCP ýmist c  SCP] mamma nven [CP  eða c  CP] amma nven hinna fahfe í aþ húsinu nheþg , , hún fpven var sfg3eþ orðin sþgven húsfrú nven [CP  og c  CP] aðalsfrú nven [AdvP  þarna aa  AdvP]  [AdvP fyrir aa  AdvP]  [AdvP vestan aa  AdvP] , , [CP  og c  CP] allt fohen [SCP  sem ct  SCP] frá aþ henni fpveþ kom sfg3eþ bar sfg3eþ í aþ sér fpheþ birtu nveo þeirrar favee sólar nvee [SCP  sem ct  SCP] upplýsti sfg3eþ hennar fpvee líf nheo . . 
fæða nven [AP  botnlægra lkfesf AP]  fiska nkfe , , [AdvP  einkum aa  AdvP] þorsks nkee , , hefur sfg3en verið ssg rannsökuð sþgven [AdvP  samfellt aa  AdvP]  [AdvP síðan aa  AdvP] 1976 ta . . 
niðurstöður nvfn þessara favfe rannsókna nvfe fyrir ao tímabilið nheog 1976--81 ta voru sfg3fþ birtar sþgvfn á aþ árinu nheþg 1983 ta ( ( sjá sbg2en Rit nheo-s Fiskideildar nvee-s , , [AP  7. lheovf AP]  bindi nheo , , nr. nheo 1 ta ) ) . . 
á aþ sömu fbveþ stundu nveþ [CP  og c  CP] bölbænir nvfn Petru nvee-m fljúga sfg3fn  [MWE_PP út aa í ao  MWE_PP] rigninguna nveog [MWE_CP  eins aa og c  MWE_CP] [AP  vængjaðir lkfnsf AP]  drekar nkfn , , á aþ sömu fbveþ stundu nveþ [CP  eða c  CP]  [AdvP kannski aa  AdvP] augnabliki nheþ [AdvP  síðar aam  AdvP] skellur sfg3en viskíflaskan nveng á aþ gangstéttinni nveþg . . 
 [AP veðurbarið lhensf AP]  andlit nhen Begga nkee-m stirðnar sfg3en í aþ vantrúarsvip nkeþ [CP  og c  CP] [AP  þrútnar lvfnsf AP]  hendurnar nvfng kreppast sfm3fn [MWE_CP  eins aa og c  MWE_CP] þær fpvfn vilji svg3fn herða sng takið nheog á aþ einhverju foheþ . . 
 [MWE_AdvP einu foheþ sinni nheþ  MWE_AdvP] átti sfg3eþ [AdvP  heima aa  AdvP] á aþ Íslandi nheþ-ö [AP  ungur lkensf AP]  maður nken [SCP  sem ct  SCP] ákvað sfg3eþ að cn bjarga sng jörðinni nveþg . . 
Össur-Mamma nven-m var sfg3eþ á aþ leiðinni nveþg [AdvP  heim aa  AdvP] úr aþ hannyrðaversluninni nveþg , , Verslunin nvengs Hanna nven-s . . 
 [AP persónuleg lvensf AP]  heilsufræði nven nær sfg3en til ae [AP  daglegs lheesf AP]  hreinlætis nhee [CP  og c  CP] [MWE_AP  hvers fohee kyns nhee  MWE_AP] líkamshirðingar nvee , , þ. fphen e. sfg3en til ae hirðingar nvee húðar nvee , , hárs nhee , , handa nvfe , , fóta nkfe , , munns nkee [CP  og c  CP] tanna nvfe . . 
hún fpven nær sfg3en [AdvP  einnig aa  AdvP] til ae [AP  heilsusamlegs lheesf AP]  lífernis nhee [CP  og c  CP] [AP  daglegra lkfesf AP]  lifnaðarhátta nkfe ( ( starf nhen [CP  og c  CP] hvíld nven [SCP  o. c  SCP]  [AdvP s. aa  AdvP]  [AdvP frv. aa  AdvP] ) ) . . 
 [AdvP fyrst aae  AdvP] skal sfg3en getið ssg stórtíðinda nhfe , , [SCP  sem ct  SCP]  [AdvP nú aa  AdvP] eru sfg3fn að cn gerast snm [CP  og c  CP] bera sng mannvitinu nheþg [AP  gott lheosf AP]  vitni nheo : : [AP  mannleg lvensf AP]  smíði nven hefur sfg3en farið ssg [AdvP  geyst aa  AdvP] um ao himingeiminn nkeog [AP  undanfarin lhfosf AP]  þrjú tfhfo ár nhfo , , lagt ssg að aþ baki nheþ [MWE_CP  hvorki c meira aam né c minna aam en c  MWE_CP] 2100 tfvfo milljónir nvfo kílómetra nkfe , , [CP  og c  CP] er sfg3en [AdvP  nú aa  AdvP] í aþ námunda nkeþ við ao reikistjörnuna nveog Satúrnus nkeo-ö [MWE_CP  eins aa og c  MWE_CP] [AdvP  til aa  AdvP] var sfg3eþ ætlast sþmhen í aþ upphafi nheþ . . 
 [AdvP hér aa  AdvP] er sfg3en átt sþghen við ao geimfarið nheog , , [SCP  sem ct  SCP] [AP  bandarískir lkfnsf AP]  vísindamenn nkfn nefna sfg3fn « « Voyager nxeo-s » » [CP  og c  CP] nefnt sþghen verður sfg3en [AdvP  einfaldlega aa  AdvP] Víðförli nken-s í aþ þessari faveþ grein nveþ . . 
 [AP núgildandi lhfnof AP]  hlutafélagalög nhfn eru sfg3fn nr. nhen 32/1978 ta , , [AdvP  hér aa  AdvP] skammstafað sþghen hl. x 
þau fphfn leystu sfg3fþ af aþ hólmi nkeþ [AP  eldri lhfovm AP]  hl. nhfo nr. nhen 77/1921 ta ( ( ásamt aþ [AP  síðari lvfþvm AP]  breytingum nvfþ ) ) [SCP  sem ct  SCP] voru sfg3fþ í aþ [AP  flestum lhfþse AP]  atriðum nhfþ í aþ samræmi nheþ við ao [AP  dönsku lhfovf AP]  hl. nhfog frá aþ 1917 ta . . 
 [AP samnorræn lvensf AP]  nefnd nven vann sfg3eþ að aþ undirbúningi nkeþ [AP  nýrra lhfesf AP]  hl. nhfe eftir aþ 1930 ta [CP  en c  CP] Ísland nhen-ö tók sfg3eþ [AdvP  ekki aa  AdvP] þátt nkeo í aþ því faheþ samstarfi nheþ . . 
samstarfið nheng leiddi sfg3eþ [AdvP  ekki aa  AdvP] til ae [AP  samnorrænnar lveesf AP]  hlutafélagalöggjafar nvee í ao það faheo sinn nheo . . 
með aþ þingsályktunartillögu nveþ frá aþ [AP  25. lkeþvf AP]  febrúar nkeþ 1948 ta ályktaði svg3eþ Alþingi nhen-s að cn skora sng á ao ríkisstjórn nveo að cn láta sng fara sng [AdvP  fram aa  AdvP] endurskoðun nveo á aþ hl. nhfþ 
samið sþghen var sfg3eþ frumvarp nhen að aþ [AP  nýjum lhfþsf AP]  hl. nhfþ í aþ samræmi nheþ við ao þetta faheo [CP  og c  CP] lagt sþghen fyrir ao Alþingi nheo-s á aþ árinu nheþg 1952 ta . . 
Þjóðtrú nven-s [CP  og c  CP] þjóðfræði nven er sfg3en fræðirit nhen fyrir ao almenning nkeo . . 
í aþ því fpheþ felst sfm3en , , [SCP  að c  SCP] í aþ bókinni nveþg er sfg3en tekið sþghen mið nhen af aþ þeim favfþ [AP  fræðilegu lvfþvf AP]  forsendum nvfþ [SCP  sem ct  SCP] þjóðfræðin nveng byggir sfg3en á aþ [SCP  sem c  SCP] vísindagrein nven , , [CP  en c  CP] efnið nheng er sfg3en sett sþghen  [MWE_PP fram aa með ao  MWE_PP] það fpheo í aþ huga nkeþ , , [SCP  að c  SCP] það fphen sé svg3en [AP  aðgengilegt lhensf AP]  öllum fokeþ þorra nkeþ manna nkfe . . 
sumarið nheog 1985 ta voru sfg3fþ höfundar nkfn þessarar favee greinar nvee við ao rannsóknir nvfo á aþ [AP  fornum lhfþsf AP]  fjörumörkum nhfþ [CP  og c  CP] jöklamenjum nvfþ á aþ Austfjörðum nkfþ-ö , , milli ae Hornafjarðar nkee-ö [CP  og c  CP] Norðfjarðar nkee-ö ( ( [AP  1. lvenve AP]  mynd nven ) ) . . 
tilgangur nken þessara favfe rannsókna nvfe er sfg3en [AP  tvíþættur lkensf AP]  . . 
foreldrar nkfn mínir fekfn voru sfg3fþ Guðleif nven-m Guðmundsdóttir nven-m frá aþ Vesturhúsum nhfþ-ö [CP  og c  CP] Vigfús nken-m Jónsson nken-m frá aþ Túni nheþ-ö í aþ Vestmannaeyjum nvfþ-ö . . 
ég fp1en er sfg1en fæddur sþgken  [MWE_PP inn aa í ao  MWE_PP] vélbátaöldina nveog , , [AP  fyrsti lkenve AP]  báturinn nkeng kemur sfg3en til ae Eyja nvfe-ö 1906 ta [SCP  þegar c  SCP] Þorsteinn nken-m Jónsson nken-m fær sfg3en Unni nveo-s . . 
messing nhen hugsaði sfg3eþ stelpan nveng . . 
þetta fahen var sfg3eþ messing nhen . . 
það fphen er sfg3en [AP  kunnara lhenvm AP]  [CP  en c  CP]  [AdvP frá aa  AdvP] þurfi svg3en að cn segja sng [SCP  að c  SCP] piparsvein nkeo í aþ [AP  góðum lhfþsf AP]  efnum nhfþ hlýtur sfg3en að cn vanta sng eiginkonu nveo . . 
 [MWE_CP þó aa að c  MWE_CP] grannarnir nkfng þekki svg3fn tilfinningar nvfo slíks fbkee manns nkee [CP  og c  CP] skoðanir nvfo [AdvP  sáralítið aa  AdvP]  [SCP þegar c  SCP] hann fpken sest sfm3en [AdvP  að aa  AdvP] í aþ héraðinu nheþg eru sfg3fn þeir fpkfn  [AP [AdvP  svo aa  AdvP] vissir lkfnsf AP]  um ao þetta faheo [SCP  að c  SCP] þeir fpkfn líta sfg3fn [AdvP  strax aa  AdvP] á ao hann fpkeo [SCP  sem c  SCP] [AP  lögmæta lveosf AP]  eign nveo einhverrar fovee heimasætunnar nveeg . . 
með aþ tilkomu nveþ sprengiskutulsins nkeeg [CP  og c  CP] [AP  gufuknúinna lhfesf AP]  vélskipa nhfe í ao lok nhfo [AP  síðustu lveeve AP]  aldar nvee hófust sfm3fþ nútímahvalveiðar nvfn . . 
 [AdvP þá aa  AdvP]  [AdvP fyrst aae  AdvP] reyndist sfm3eþ [AP  unnt lhensf AP]  að cn hefja sng [AP  stórtækar lvfosf AP]  veiðar nvfo á aþ hinum gkfþ [AP  verðmætu lkfþvf AP]  [CP  en c  CP] [AP  hraðsyndu lkfþvf AP]  reyðarhvölum nkfþ [SCP  sem ct  SCP] [AP  mikil lvensf AP]  gnótt nven var sfg3eþ af aþ í aþ heimshöfunum nhfþg . . 
um ao níuleytið nheog á aþ [AP  hlákublautum lkeþsf AP]  morgni nkeþ [AdvP  seint aa  AdvP] í aþ nóvember nkeþ nálgaðist sfm3eþ Varsjárlestin nvengs Pétursborg nveo-ö á aþ [AP  fullri lveþsf AP]  ferð nveþ . . 
  [AP [AdvP svo aa  AdvP] þétt lvensf AP]  var sfg3eþ þokan nveng [CP  og c  CP] [AP  dimm lvensf AP]  [SCP  að c  SCP] [AP  erfitt lhensf AP]  var sfg3eþ að cn sjá sng  [MWE_PP út aa um ao  MWE_PP] lestargluggana nkfog [AdvP  lengra aam  AdvP]  [CP en c  CP] tíu tfhfo skref nhfo til ae hvorrar fovee handar nvee . . 
á aþ athafnaárum nhfþ sínum fehfþ hafði sfg3eþ hann fpken [AdvP  oft aa  AdvP] farið sng þessa faveo leið nveo [CP  og c  CP]  [SCP ýmist c  SCP] steypt sng stömpum nkfþ [CP  eða c  CP] látið sng öldurnar nvfog vagga sng sér fpkeþ framhjá aþ eyjum nvfþ [CP  og c  CP] nesjum nhfþ [CP  og c  CP] fyrir ao [AP  opinn lkeosf AP]  fjarðarkjaftinn nkeog , , [MWE_CP  þar aa sem c  MWE_CP] vindar nkfn ná sfg3fn sér fpkfþ  [MWE_PP niður aa í aþ  MWE_PP] vestanátt nveþ [CP  og c  CP] snúa sfg3fn sjóinn nkeog í ao hnykla nkfo handa aþ flóabátnum nkeþg [MWE_CP  til ae að cn MWE_CP]  gantast snm [AdvP  við aa  AdvP] á aþ leiðinni nveþg  [MWE_PP upp aa á ao  MWE_PP] Skaga nkeo-ö . . 
 [AdvP þá aa  AdvP] hafði sfg3eþ ferjan nveng verið ssg [AP  minni lvenvm AP]  [CP  og c  CP]  [AdvP ekki aa  AdvP] tekið sng bíla nkfo [CP  og c  CP] ferðir nvfn höfðu sfg3fþ verið ssg samræmdar sþgvfn áætlunum nvfþ  [MWE_PP norðan aa úr aþ  MWE_PP] landi nheþ á aþ tímum nkfþ rútubíla nkfe [CP  og c  CP] [AP  mikilla lkfesf AP]  mannflutninga nkfe , , [SCP  þegar c  SCP] farþegar nkfn máttu sfg3fþ veltast snm  [MWE_PP innan aa um ao  MWE_PP] barnsgrát nkeo [CP  og c  CP] spýju nveo að aþ ferðalokum nhfþ í aþ haustmyrkri nheþ [CP  og c  CP] vetrargnauði nheþ um ao þennan fakeo sama fbkeo sjó nkeo með aþ ljósum nhfþ [AP  prýtt lhensf AP]  fyrirheitið nheng fyrir aþ stafni nkeþ [MWE_CP  þar aa sem c  MWE_CP] ævintýrin nhfng gerðust sfm3fþ í aþ augum nhfþ aðkomufólksins nheeg , , [SCP  sem ct  SCP] hafði sfg3eþ verið ssg alið sþghen  [MWE_PP upp aa við ao  MWE_PP] sögur nvfo af aþ ríkidæmi nheþ , , ólifnaði nkeþ [CP  og c  CP] afbrotum nhfþ . . 
mánudagurinn nkeng [AP  18. lkenvf AP]  apríl nken 1988 ta rann sfg3eþ [AdvP  upp aa  AdvP] , , [AP  svalur lkensf AP]  [CP  og c  CP] [AP  bjartur lkensf AP]  [CP  og c  CP]  [SCP þegar c  SCP] ég fp1en sveiflaði sfg1eþ mér fp1eþ  [MWE_PP fram aa úr aþ  MWE_PP] rúminu nheþg [AdvP  rúmlega aa  AdvP] átta ta um ao morguninn nkeog eftir ao [AP  væran lkeosf AP]  svefn nkeo laust sfg3eþ því fpheþ  [MWE_PP niður aa í ao  MWE_PP] huga nkeo mér fp1eþ [SCP  að c  SCP]  [AdvP nú aa  AdvP] væri svg3eþ komið sþghen að aþ úrslitastundinni nveþg . . 
framkvæmdastjórn nven Útvarpsins nheegs hafði sfg3eþ setið ssg á aþ fundi nkeþ kvöldið nheog [AdvP  áður aa  AdvP] [MWE_CP  til ae þess fphee að cn MWE_CP]  taka sng afstöðu nveo [MWE_CP  til ae þess fphee MWE_CP] [SCP   hvort c  SCP] annar foken Sjónvarpshrafninn nkengs skyldi svg3eþ höggvinn sþgken [MWE_CP  eftir ao að c  MWE_CP] hann fpken hafði sfg3eþ valdið ssg [AdvP  enn aa  AdvP] einu tfheþ fjaðrafokinu nheþg í aþ þjóðfélaginu nheþg með aþ kjaftinum nkeþg á aþ sér fpkeþ . . 
hann fpken lagði sfg3eþ bílnum nkeþg  [MWE_PP upp aa við ao  MWE_PP] [AP  blauta lveosf AP]  gangstéttina nveog , , opnaði sfg3eþ hurðina nveog [CP  og c  CP] hún fpven sté sfg3eþ fætinum nkeþg [AdvP  mjúklega aa  AdvP] á ao stéttina nveog . . 
 [AP svartgljáandi lkenof AP]  skór nken hennar fpvee rauf sfg3eþ [AP  örfína lveosf AP]  himnuna nveog [MWE_CP  þar aa sem c  MWE_CP] [AP  hljóðlát lhfnsf AP]  götuljósin nhfng höfðu sfg3fþ flotið ssg . . 
 [AP stórar lvfnsf AP]  snjóflyksur nvfn skullu sfg3fþ á aþ rúðum nvfþ skólastofunnar nveeg [MWE_CP  þar aa sem c  MWE_CP] [AP  8. lkenvf AP]  H x kúrði sfg3eþ sig fpkeo yfir ao stærðfræðibækur nvfo . . 
einhver foken hvíslaði sfg3eþ : : það fphen er sfg3en farið sþghen að cn snjóa sng . . 
í aþ Árbæjarhverfi nheþ-ö , , [MWE_CP  þar aa sem c  MWE_CP] víðsýnið nheng [CP  og c  CP] sveitakyrrðin nveng er sfg3en hvað fohen [AP  mest lvense AP]  , ,  [MWE_PP niðri aa við ao  MWE_PP] bakka nkfo Elliðaánna nvfegö , , býr sfg3en maður nken einn foken á aþ sextugsaldri nkeþ [CP  og c  CP] tekinn sþgken nokkuð fohen að cn grána sng . . 
 [AP hávaxinn lkensf AP]  er sfg3en hann fpken , , [AP  þrekinn lkensf AP]  [CP  og c  CP] [AP  mikill lkensf AP]  um ao sig fpkeo , , [AP  vörpulegur lkensf AP]  , , [AP  skarpleitur lkensf AP]  [CP  og c  CP] [AP  svipsterkur lkensf AP]  . . 
hugsjónamenn nkfn eru sfg3fn af aþ ýmsum fovfþ gerðum nvfþ [CP  og c  CP] kynna sfg3fn áhugamál nhfo sín fehfo á ao [AP  margvíslegan lkeosf AP]  hátt nkeo . . 
sumir fokfn yrkja sfg3fn [AP  eldheit lhfosf AP]  ljóð nhfo [SCP  sem ct  SCP] marka sfg3fn spor nhfo í ao [AP  margra lkfesf AP]  slóð nveo , , aðrir fokfn skrifa sfg3fn greinar nvfo um ao hugðarefni nhfo sín fehfo [CP  og c  CP] túlka sfg3fn þau fphfo á ao [AP  lýsandi lkeoof AP]  máta nkeo , , [AdvP  jafnvel aa  AdvP] á aþ [AP  heilum lvfþsf AP]  bókum nvfþ . . 
 [AdvP enn aa  AdvP] í ao dag nkeo gætir sfg3en nokkurrar fovee óvissu nvee um ao andlát nheo Kimma nkee-m [AP  vatnsfælna lkeevf AP]  . . 
ýmis fohfn vafaatriði nhfn þarfnast sfm3fn skýringa nvfe , , [AP  hlægileg lhfnsf AP]  smáatriði nhfn , , [AP  mótsagnakenndur lkensf AP]  framburður nken vitna nhfe , , eyður nvfn í aþ sögunni nveþg . . 
fyrir aþ nokkrum fovfþ vikum nvfþ , , mig fp1eo minnir sfg3en [SCP  að c  SCP] það fphen hafi svg3en verið ssg um ao [AP  miðjan lkeosf AP]  apríl nkeo , , sat sfg1eþ ég fp1en í aþ stærðfræðitíma nkeþ [CP  og c  CP] blaðaði sfg1eþ í aþ tímaritinu nheþg « « Sálfræði nven-s er sfg3en nauðsyn nven » » . . 
Axel nken-m sessunautur nken minn feken er sfg3en áskrifandi nken að aþ þessu faheþ tímariti nheþ því fpheþ hann fpken hefur sfg3en einsett ssg sér fpkeþ að cn komast snm til ae botns nkee í aþ [AP  gervöllu lheþsf AP]  mannkyninu nheþg [CP  og c  CP] [AP  undarlegri lveþsf AP]  hegðun nveþ þess fphee . . 
ég fp1en gleymi sfg1en [AdvP  örugglega aa  AdvP]  [AdvP aldrei aa  AdvP] árinu nheþg 1980 ta . . 
 [AdvP þá aa  AdvP] gerðist sfm3eþ allt fohen . . 
Tindur nken-ö gnæfir sfg3en [AdvP  yfir aa  AdvP] . . 
faðmur nken hans fpkee umlykur sfg3en [AP  lágreist lhfosf AP]  [AP  svört lhfosf AP]  húsin nhfog . . 
- - mamma nven ! ! 
- - [InjP  æ au  InjP] , , vertu sbg2en [AdvP  ekki aa  AdvP]  [AdvP alltaf aa  AdvP] að cn hanga sng  [MWE_PP utan aa í aþ  MWE_PP] mér fp1eþ - - mamma nven má sfg1en ég fp1en koma sng [AdvP  með aa  AdvP] ? ? 
- - ég fp1en er sfg1en [AP  margbúin lvensf AP]  að cn segja sng [SCP  að c  SCP] þú fp2en mátt sfg2en það fpheo [AdvP  ekki aa  AdvP] . . 
- - [InjP  hí au  InjP] , , [InjP  hí au  InjP] , , [AdvP  síðast aae  AdvP]  [SCP þegar c  SCP] við fp1fn fórum sfg1fþ með aþ þér fp2eþ í ao búðina nveog datt sfg3eþ [AP  litli lkenvf AP]  bróðir nken  [MWE_PP ofan aa í ao  MWE_PP] perukassa nkeo [CP  og c  CP] blotnaði sfg3eþ á aþ rassinum nkeþg . . 
austanvindur nken er sfg3en öðrum fokfþ [AP  óþægilegri lkenvm AP]  við ao Lyme nxeo-ö flóa nkeo - - [CP  en c  CP]  [AdvP svo aa  AdvP] nefnist sfm3en [AP  stærsta lhenve AP]  stykkið nheng [SCP  sem ct  SCP] höggvið sþghen hefur sfg3en verið ssg úr aþ [AP  útteygðum lkeþsf AP]  suðvesturlegg nkeþ Englands nhee-ö . . 
flóinn nkeng dregur sfg3en nafn nheo af aþ Lyme nxeþ-ö Regis nxeþ-ö , , [AP  litlum lkeþsf AP]  bæ nkeþ [CP  en c  CP] [AP  fornum lkeþsf AP]  , , [CP  og c  CP] [AP  forvitinn lkensf AP]  áhorfandi nken hefði svg3eþ [AdvP  samstundis aa  AdvP] getað ssg ímyndað ssg sér fpkeþ eitt foheo [CP  og c  CP] annað foheo um ao parið nheog [SCP  sem ct  SCP] fetaði sfg3eþ sig fpheo niður ao bryggjuna nveog í aþ Lyme nxeþ-ö í aþ hráslaga nkeþ [CP  og c  CP] [AP  nístandi lkeþof AP]  vindi nkeþ snemma ae dags nkee [AdvP  seint aa  AdvP] í aþ aprílmánuði nkeþ árið nheog 1867 ta . . 
fráfærnadaginn nkeog höfðu sfg3fþ [AP  fullorðna lhenvf AP]  fólkið nheng [CP  og c  CP] unglingarnir nkfng smalað sng [AdvP  vandlega aa  AdvP] allt foheo heimalandið nheog . . 
ærnar nvfng [CP  og c  CP] lömbin nhfng voru sfg3fþ rekin sþghfn í ao rétt nveo [CP  og c  CP] [AP  einstaka lveþof AP]  síðbæru nveþ [SCP  sem ct  SCP] átti sfg3eþ  [AP [AdvP  svo aa  AdvP] ungt lheosf AP]  lamb nheo [SCP  að c  SCP] því fpheþ var sfg3eþ [AdvP  ekki aa  AdvP] treyst sþghen [MWE_CP  til ae að cn MWE_CP]  bjargast snm á ao [AP  eigin lvfoof AP]  spýtur nvfo var sfg3eþ sleppt sþghen . . 
það fphen var sfg3eþ liðið sþghen  [MWE_PP fram aa yfir ao  MWE_PP] miðnætti nheo . . 
frú nven Liang nven-m lagði sfg3eþ frá aþ sér fpveþ ritblýið nheog [CP  og c  CP] lokaði sfg3eþ reikningabók nveþ sinni feveþ . . 
ég fp1en skrifaði sfg1eþ þessa faveo sögu nveo sjálf fbven . . 
ég fp1en bað sfg1eþ pabba nkeo að cn hjálpa sng mér fp1eþ . . 
 [AP tuttugasta lvenvf AP]  öldin nveng hefur sfg3en [AdvP  oft aa  AdvP] verið ssg nefnd sþgven öld nven barnsins nheeg . . 
má sfg3en það fpheo til ae [AP  sanns lkeesf AP]  vegar nkee færa sng , , því fpheþ [AdvP  aldrei aa  AdvP]  [AdvP áður aa  AdvP] hefur sfg3en málefnum nhfþ barna nhfe [CP  og c  CP] ungmenna nhfe verið ssg [AP  meiri lkenvm AP]  gaumur nken gefinn sþgken , , hvað fsheo [SCP  sem ct  SCP] um ao árangur nkeo af aþ þeim favfþ hugleiðingum nvfþ [CP  og c  CP] því faheþ starfi nheþ má sfg3en segja sng . . 
ég fp1en heiti sfg1en Eva nven-m , , [CP  en c  CP] það fphen merkir sfg3en líf nhen samkvæmt aþ bókinni nveþg [SCP  sem ct  SCP] móðir nven mín feven fletti sfg3eþ [SCP  þegar c  SCP] hún fpven leitaði sfg3eþ mér fp1eþ nafns nhee . . 
fæðingarstaður nken minn feken var sfg3eþ endaherbergi nhen í aþ [AP  skuggsælu lheþsf AP]  húsi nheþ [CP  og c  CP]  [AdvP þar aa  AdvP] óx sfg1eþ ég fp1en [AdvP  upp aa   AdvP] [MWE_PP innan aa um ao  MWE_PP] [AP  gömul lhfosf AP]  húsgögn nhfo , , [AP  latneskar lvfosf AP]  bækur nvfo [CP  og c  CP] smyrðlinga nkfo , , [CP  en c  CP]  [AdvP þó aa  AdvP] varð sfg1eþ ég fp1en  [AP [AdvP  ekki aa  AdvP] þunglynd lvensf AP]  fyrir ao vikið nheog , , [MWE_CP  því fpheþ að c  MWE_CP] í aþ minningunni nveþg kom sfg1eþ ég fp1en í ao heiminn nkeog með aþ þyt nkeþ frumskógarins nkeeg . . 
á aþ leið nveþ risa-þotunnar nveeg til ae London nxeþ-ö , , leit sfg3eþ Jói nken-m útum ao gluggann nkeog [CP  og c  CP] sá sfg3eþ [AP  glampandi lveoof AP]  sól nveo rísa sng úr aþ hafi nheþ . . 
Frank nken-m , , sagði sfg3eþ hann fpken við ao bróður nkeo sinn fekeo . . 
 [AdvP oft aa  AdvP] finnur sfg3en maður nken [AdvP  sárt aa  AdvP] [MWE_CP  til ae þess fphee MWE_CP]  hvílík fbven vöntun nven það fphen er sfg3en [SCP  að c  SCP]  [AdvP ekki aa  AdvP] eru sfg3fn [AdvP  til aa  AdvP] nein fohfn yfirlitsrit nhfn um ao sögu nveo okkar fp1fe Íslendinga nkfe-s , , bókmenntir nvfo [CP  og c  CP] mál nheo , , ekkert fohen annað fohen [CP  en c  CP] [AP  ómerkileg lhfnsf AP]  ágrip nhfn handa aþ skólum nkfþ . . 
slík fbhfn yfirlitsrit nhfn eru sfg3fn [AdvP  þó aa  AdvP] hverri foveþ þjóð nveþ [AP  nauðsynleg lhfnsf AP]  , , [MWE_AdvP  ekki aa síst aae  MWE_AdvP] smáþjóðunum nvfþg [SCP  sem ct  SCP]  [AdvP jafnan aa  AdvP] hljóta sfg3fn að cn vera sng á aþ verði nkeþ um ao þjóðerni nheo sitt feheo [CP  og c  CP] [AP  sjálfstæða lveosf AP]  menningu nveo [CP  og c  CP] eiga sfg3fn sinn fekeo [AP  sterkasta lkeove AP]  bakhjarl nkeo í aþ sögunni nveþg . . 
um ao vorið nheog fékk sfg1eþ ég fp1en [AdvP  svo aa  AdvP] vinnu nveo í aþ timburportinu nheþg . . 
aðalverkefnið nheng var sfg3eþ að cn rakka sng . . 
 [AdvP ekki aa  AdvP] veit sfg1en ég fp1en , , [MWE_AdvP  hvers fshee vegna ae  MWE_AdvP] mér fp1eþ varð sfg3eþ [AdvP  svo aa  AdvP]  [AdvP skyndilega aa  AdvP] hugsað sþghen í aþ [AP  miðjum lkeþsf AP]  aðalréttinum nkeþg þetta faheo kvöld nheo til ae þeirra fahfe ára nhfe , , [SCP  þegar c  SCP] ég fp1en las sfg1eþ guðfræði nveo við ao Háskóla nkeo-s Íslands nhee-ö . . 
 [AP löngu lheþsf AP]  [MWE_CP  eftir ao að c  MWE_CP] borðhaldinu nheþg lauk sfg3eþ , , [CP  og c  CP] ég fp1en hafði sfg1eþ kvatt ssg viðmælendur nkfo mína fekfo [CP  og c  CP] sest ssm [AP  einsamall lkensf AP]   [MWE_PP úti aa í aþ  MWE_PP] garði nkeþ veitingastofunnar nveeg , , hélt sfg1eþ ég fp1en [AdvP  áfram aa  AdvP] að cn velta sng því fpheþ fyrir aþ mér fp1eþ , , [MWE_AdvP  hvers fshee vegna ae  MWE_AdvP] árin nhfng þau fphfn [AdvP  arna aa  AdvP] , , [SCP  sem ct  SCP] mér fp1eþ höfðu sfg3fþ [AdvP  aldrei aa  AdvP] verið ssg [AP  hugleikin lhfnsf AP]  , , komu sfg3fþ [AdvP  svo aa  AdvP]  [AdvP óvænt aa  AdvP] til ae mín fp1ee þessa faveo kvöldstund nveo . . 
 [AP lítill lkensf AP]  [AP  rykfallinn lkensf AP]  maður nken í aþ [AP  litlu lheþsf AP]  [AP  rykföllnu lheþsf AP]  herbergi nheþ . . 
 [AdvP þannig aa  AdvP] kom sfg3eþ hann fpken mér fp1eþ [AdvP  ævinlega aa  AdvP] fyrir ao sjónir nvfo . . 
rætur nvfn Tárusfjalla nhfe-ö byrja sfg3fn [AdvP  alveg aa   AdvP] [MWE_PP niður aa við ao  MWE_PP] Miðjarðarhafið nheogö . . 
 [MWE_PP upp aa frá aþ  MWE_PP] ströndunum nvfþg [SCP  sem ct  SCP] [AP  hvítt lhensf AP]  sælöðrið nheng leikur sfg3en um ao , , teygja sfg3fn þau fphfn sig fphfo [MWE_AdvP  hærra aam og c hærra aam  MWE_AdvP] í ao átt nveo að aþ tindunum nkfþg . . 
Ninna nven-m var sfg3eþ  [AP [AdvP  sannarlega aa  AdvP] hrædd lvensf AP]  . . 
hún fpven var sfg3eþ [MWE_AdvP  blátt aa áfram aa  MWE_AdvP] [AP  gagntekin lvensf AP]  af aþ ótta nkeþ . . 
annað fohen meginhlutverk nhen hvers fokee háskóla nkee auk ae kennslu nvee er sfg3en þekkingarleit nven . . 
það faheo hlutverk nhfo reyna sfg3fn háskólar nkfn meðal ae annars fohee að cn rækja sng á ao þann fakeo hátt nkeo , , að cn veita sng kennurum nkfþ sínum fekfþ  [AP [AdvP  sem aa  AdvP] mest lheose AP]  frelsi nheo , , [MWE_CP  til ae að cn MWE_CP]  stunda sng þær favfo rannsóknir nvfo , , [SCP  sem ct  SCP] þeir fpkfn [AdvP  helst aae  AdvP] kjósa sfg3fn [CP  og c  CP] telja sfg3fn sig fpkfo [AP  hæfasta lkfose AP]  til ae , , án ae tillits nhee [MWE_CP  til ae þess fphee MWE_CP] [SCP   hvort c  SCP] árangurinn nkeng kunni svg3en [AdvP  fljótlega aa  AdvP] að cn skila sng ágóða nkeþ , , [SCP  sem ct  SCP] metinn sþgken verði svg3en í aþ [AP  beinhörðum lkfþsf AP]  peningum nkfþ . . 
síminn nkeng hafði sfg3eþ hringt ssg klukkan nveng [AdvP  nákvæmlega aa  AdvP] 6,12 ta . . 
honum fpkeþ var sfg3eþ orðið sþghen [AP  eðlislægt lhensf AP]  að cn líta sng á ao [AP  upplýsta lveosf AP]  skífuna nveog á aþ rafmagnsklukkunni nveþg við ao rúmið nheog andartaki nheþ [MWE_CP  eftir ao að c  MWE_CP] hann fpken hafði sfg3eþ þreifað ssg eftir aþ símanum nkeþg [CP  og c  CP] stöðvað sng [AP  hrjúfa lveosf AP]  [CP  og c  CP] [AP  þrákelkna lveosf AP]  hringinguna nveog . . 
kommúnan nveng fylltist sfm3eþ [AdvP  óðum aa  AdvP] af aþ fólki nheþ , , umræðuefnin nhfng flögruðu sfg3fþ [MWE_CP  á aa meðan c  MWE_CP] menn nkfn voru sfg3fþ að cn koma sng sér fpkfþ [AdvP  fyrir aa  AdvP] í aþ [AP  lágum lhfþsf AP]  hægindum nhfþ [CP  og c  CP] sessum nvfþ . . 
 [AP nýkomna lvenvf AP]  stelpan nveng velti sfg3eþ vöngum nkfþ yfir aþ því fpheþ [SCP  hvort c  SCP]  [AdvP ekki aa  AdvP] væri svg3eþ [AP  hægt lhensf AP]  að cn skrifa sng sig fpveo  [MWE_PP inn aa í ao  MWE_PP] Mystík nveo-s í aþ Háskólanum nkeþgs , , taka sfg3fn próf nheo í aþ Tarot nxeþ-s [CP  og c  CP] Stjörnuspeki nveþ-s . . 
 [AP góði lkenvf AP]  Guð nken-s , , mamma nven mín feven er sfg3en [AP  dáin lvensf AP]  . . 
deyr sfg3en æpandi slg [CP  og c  CP] bölvandi slg . . 
- - ég fp1en kynntist sfm1eþ Ragnari nkeþ-m [AdvP  fyrst aae  AdvP] í aþ Bankastræti nheþ-ö árið nheog 1947 ta . . 
við fp1fn mættumst sfm1fþ á aþ gangstéttinni nveþg , , heilsuðumst sfm1fþ [CP  og c  CP] tókum sfg1fþ tal nheo [AdvP  saman aa  AdvP] [MWE_CP  eins aa og c  MWE_CP] [AP  gamlir lkfnsf AP]  kunningjar nkfn . . 
 [MWE_CP á aa meðan c  MWE_CP] ég fp1en hleyp sfg1en niður ao [AP  nýbónaðan lkeosf AP]  stigann nkeog með ao klaufhamarinn nkeog hans fpkee pabba nkee í aþ annarri foveþ hendinni nveþg situr sfg3en Óli nken-m á aþ olíutanknum nkeþg  [MWE_PP fyrir ao framan aa  MWE_PP] húsið nheog . . 
 [MWE_CP áður aa en c  MWE_CP] ég fp1en veit sfg1en af aþ hef sfg1en ég fp1en lamið ssg Óla nkeo-m með aþ klaufhamrinum nkeþg í ao hausinn nkeog . . 
nóttina nveog [SCP  sem ct  SCP] Ronja nven-m fæddist sfm3eþ drundu sfg3fþ þrumur nvfn [CP  og c  CP] eldingar nvfn leiftruðu sfg3fþ yfir aþ fjöllunum nhfþg , , [InjP  já au  InjP] , , það fphen var sfg3eþ þvílík fbven þrumunótt nven [SCP  að c  SCP] allar fovfo óvættir nvfn [SCP  sem ct  SCP] bjuggu sfg3fþ í aþ Matthíasarskógi nkeþ-ö skriðu sfg3fþ [AP  óttaslegnar lvfnsf AP]  í ao holur nvfo sínar fevfo [CP  og c  CP] fylgsni nhfo . . 
 [AdvP aðeins aa  AdvP] skógarnornirnar nvfng höfðu sfg3fþ yndi nheo af aþ slíku fbheþ veðri nheþ umfram ao öll fohfo önnur fohfo [CP  og c  CP] flugu sfg3fþ [AdvP  nú aa  AdvP] með aþ skrækjum nkfþ [CP  og c  CP] óhljóðum nhfþ umhverfis ao ræningjakastalann nkeog á aþ Matthíasarfjalli nheþ-ö . . 
það fphen var sfg3eþ [AP  fagur lkensf AP]  morgunn nken í ao nóvemberlok nhfo . . 
um ao nóttina nveog hafði sfg3eþ snjóað ssg ögn nveþ , , [CP  en c  CP] grundin nveng var sfg3eþ þakin sþgven [AP  svalri lveþsf AP]  ábreiðu nveþ , , [SCP  sem ct  SCP] var sfg3eþ [AdvP  ekki aa  AdvP]  [AdvP meira aam  AdvP]  [CP en c  CP] þrír tfkfn fingur nkfn á ao þykkt nveo . . 
« « ég fp1en ætti svg1eþ að cn vera sng [AP  sorgmæddari lkenvm AP]  , , » » segir sfg3en Raymond nken-m Horgan nken-m . . 
mér fp1eþ dettur sfg3en [AdvP  fyrst aae  AdvP] í ao hug nkeo [SCP  að c  SCP] hann fpken sé svg3en að cn tala sng um ao útfararræðuna nveog [SCP  sem ct  SCP] hann fpken er sfg3en að cn fara sng að cn flytja sng . . 
 [MWE_AdvP einu foheþ sinni nheþ  MWE_AdvP] var sfg3eþ drengur nken [SCP  sem ct  SCP] hét sfg3eþ Elfráður nken-m Kormákur nken-m Skúti nken-m [CP  og c  CP] það fphen lá sfg3eþ [AdvP  við aa  AdvP] hann fpken ætti svg3eþ nafnið nheog [AP  skilið lheosf AP]  . . 
foreldrar nkfn hans fpkee kölluðu sfg3fþ hann fpkeo Elfráð nkeo-m Kormák nkeo-m [CP  og c  CP] kennararnir nkfng kölluðu sfg3fþ hann fpkeo Skúta nkeo-m . . 
fiskveiðar nvfn er sfg3en hugtak nhen [SCP  sem ct  SCP] tekur sfg3en til ae veiða nvfe á aþ ýmsum fokfþ dýrastofnum nkfþ í aþ hafinu nheþg , , [MWE_CP  svo aa sem c  MWE_CP] fiskum nkfþ , , liðdýrum nhfþ [CP  og c  CP] spendýrum nhfþ . . 
veiðar nvfo í aþ ám nvfþ [CP  og c  CP] vötnum nhfþ má sfg3en [AdvP  einnig aa  AdvP] telja sng til ae fiskveiða nvfe [CP  en c  CP]  [AdvP þó aa  AdvP] er sfg3en [AdvP  svo aa  AdvP]  [AdvP ekki aa  AdvP] gert sþghen [AdvP  hér aa  AdvP] . . 
Skúli nken-m Pálsson nken-m frá aþ Laxalóni nheþ-ö er sfg3en enginn foken [AP  venjulegur lkensf AP]  maður nken . . 
hann fpken er sfg3en einn tfken af aþ [AP  framsýnustu lkfþve AP]  athafnamönnum nkfþ þjóðarinnar nveeg á aþ þessari faveþ öld nveþ , , forystumaður nken fyrir aþ [AP  nýjum lvfþsf AP]  atvinnugreinum nvfþ , , [AP  forsjáll lkensf AP]  , , [AP  harðduglegur lkensf AP]  [CP  og c  CP] á sfg3en [AP  fáa lkfosf AP]  sína fekfo líka nkfo . . 
Pétur nken-m hét sfg3eþ maður nken . . 
hann fpken var sfg3eþ [AP  lítilla lvfesf AP]  ætta nvfe , , [CP  en c  CP] [AP  bjargálna lkenof AP]  . . 
það fphen verður sfg3en að cn segja sng hverja foveo sögu nveo [MWE_CP  eins aa og c  MWE_CP] hún fpven er sfg3en . . 
 [MWE_PP fyrir ao framan aa  MWE_PP] útidyrnar nvfog á aþ dvalarheimilinu nheþg stendur sfg3en  [AP [AdvP  liðlega aa  AdvP] þrítugur lkensf AP]  karlmaður nken [CP  og c  CP] er sfg3en að cn búa sng sig fpkeo undir ao að cn fremja sng glæp nkeo . . 
klukkan nveng [AdvP  rúmlega aa  AdvP]  [AdvP hálf aa  AdvP] átta ta að aþ morgni nkeþ mánudagsins nkeeg [AP  23. lkeevf AP]  febrúar nkee 1987 ta að aþ [AP  íslenskum lkeþsf AP]  tíma nkeþ skall sfg3eþ á ao jörðina nveog [AP  öflug lvensf AP]  hrina nven fiseinda nvfe frá aþ [AP  fjarlægri lveþsf AP]  sprengistjörnu nveþ . . 
á aþ [MWE_AdvP  um ao það faheo bil nheo  MWE_AdvP] tíu tfvfþ sekúndum nvfþ flæddu sfg3fþ 10$^{28}$ tfvfn fiseindir nvfn gegnum ao jörðina nveog [CP  og c  CP] héldu sfg3fþ [AdvP  áfram aa  AdvP] ferð nveþ sinni feveþ [MWE_CP  eins aa og c  MWE_CP] ekkert fohen hefði svg3eþ [AdvP  í aa  AdvP] skorist ssm . . 
 [SCP þegar c  SCP] Lilla nven-m kom sfg3eþ [AdvP  heim aa  AdvP] úr aþ skólanum nkeþg fann sfg3eþ hún fpven [SCP  að c  SCP] eitthvað fohen lá sfg3eþ í aþ loftinu nheþg . . 
Stefán nken-m pabbi nken hennar fpvee var sfg3eþ kominn sþgken [AdvP  heim aa  AdvP] úr aþ vinnunni nveþg [CP  og c   CP] [MWE_PP í aa gegnum ao  MWE_PP] [AP  opnar lvfosf AP]  stofudyrnar nvfog sá sfg3eþ hún fpven [SCP  að c  SCP] mamma nven [CP  og c  CP] hann fpken sátu sfg3fþ í aþ sófanum nkeþg [CP  og c  CP] töluðu sfg3fþ í aþ [AP  hálfum lhfþsf AP]  hljóðum nhfþ . . 
Klara nven-m tók sfg3eþ eftir aþ manninum nkeþg [AdvP  strax aa  AdvP]  [CP og c  CP] hún fpven kom sfg3eþ  [MWE_PP inn aa úr aþ  MWE_PP] dyrunum nvfþg . . 
hann fpken sat sfg3eþ [AP  einn lkensf AP]  við ao borð nheo [CP  og c  CP] horfði sfg3eþ á ao fólkið nheog umhverfis ao sig fpkeo , , fylgdi sfg3eþ því fpheþ [AdvP  eftir aa  AdvP] með aþ augunum nhfþg [CP  og c  CP] hreyfði sfg3eþ varirnar nvfog [AdvP  ósjálfrátt aa  AdvP] í aþ takti nkeþ við ao þá fakfo [SCP  sem ct  SCP] töluðu sfg3fþ [AdvP  saman aa  AdvP] næst aþe honum fpkeþ . . 
 [SCP þegar c  SCP] ég fp1en gerði sfg1eþ grein nveo fyrir aþ þróun nveþ þjóðarbúskaparins nkeeg á aþ þessum fakeþ vettvangi nkeþ fyrir aþ ári nheþ , , voru sfg3fþ efni nhfn [MWE_CP  til ae að cn MWE_CP]  draga sng [AP  dekkri lveovm AP]  mynd nveo af aþ stöðu nveþ [CP  og c  CP] horfum nvfþ efnahagsmála nhfe [CP  en c  CP]  [AdvP við aa  AdvP] hafði sfg3eþ blasað ssg um ao nokkurra fohfe ára nhfe skeið nheo . . 
við ao [AP  langvarandi lveoof AP]  lægð nveo í aþ hagvexti nkeþ [CP  og c  CP] alþjóðaviðskiptum nhfþ hafði sfg3eþ [AdvP  þá aa  AdvP] bæst ssm stöðnun nven [CP  eða c  CP] lækkun nven í aþ framleiðslu nveþ sjávarafurða nvfe , , [SCP  sem ct  SCP] borið ssg hafði sfg3eþ [AdvP  uppi aa  AdvP] hagvöxt nkeo  [MWE_PP hér aa á aþ  MWE_PP] landi nheþ um ao árabil nheo . . 
kirkjudyrnar nvfng stóðu sfg3fþ [AP  opnar lvfnsf AP]  [CP  og c  CP] göptu sfg3fþ [MWE_CP  eins aa og c  MWE_CP] [AP  svart lhensf AP]  sár nhen á aþ [AP  gula lkeþvf AP]  , , [AP  veðraða lkeþvf AP]  múrveggnum nkeþg . . 
eruð sfg2fn þið fp2fn [AdvP  þarna aa  AdvP] ? ? 
var sfg3eþ sagt sþghen [AP  lágri lveþsf AP]  röddu nveþ  [MWE_PP innan aa úr aþ  MWE_PP] myrkrinu nheþg . . 
einhverjar fovfn vitsmunaverur nvfn voru sfg3fþ að cn bera sng okkur fp1fþ á ao brýn nvfo [AP  peningalega lveosf AP]  hugsun nveo [CP  og c  CP] [AP  lélegan lkeosf AP]  bókmenntasmekk nkeo [SCP  þegar c  SCP] við fp1fn völdum sfg1fþ [AdvP  svo aa  AdvP] Ævintýri nheo-s á aþ gönguför nveþ til ae sýninga nvfe á aþ jólunum nhfþg . . 
slíka fbveo gagnrýni nveo læt sfg1en ég fp1en [SCP  sem c  SCP] vind nkeo um ao eyrun nhfog þjóta sng , , Ævintýrið nhengs er sfg3en [AP  nátengdara lhenvm AP]  sögu nveþ Leikfélagsins nheegs [CP  en c  CP] [AP  flest lhfnse AP]  önnur fohfn leikrit nhfn [CP  og c  CP] [MWE_AdvP  meira lheovm segja sng  MWE_AdvP] orðið sþghen að aþ [AP  íslenskri lveþsf AP]  leiksöguhefð nveþ , , [AdvP  hvernig aa  AdvP] sum fohfn hlutverkin nhfng eru sfg3fn túlkuð sþghfn ( ( Kranz nken-m verður sfg3en [MWE_AdvP  til ae dæmis nhee  MWE_AdvP] að cn vera sng [AP  gormæltur lkensf AP]  ) ) , , [CP  enda c  CP] fór sfg3eþ [AdvP  svo aa  AdvP] , , [SCP  þegar c  SCP] verkið nheng var sfg3eþ komið sþghen á ao fjalirnar nvfog , , [SCP  að c  SCP] hin gven [AP  vitsmunalega lvenvf AP]  uppdráttarsýki nven vék sfg3eþ [CP  og c  CP] elskulegheit nhfn þessa fahee [AP  ágæta lheevf AP]  sviðsverks nhee sigruðu sfg3fþ hjörtu nhfo áhorfenda nkfe . . 
Saddle nxen-ö Valley nxen-ö er sfg3en kaupstaður nken í aþ New nxeþ-ö Jersey nxeþ-ö . . 
 [MWE_AdvP að aþ minnsta lkeþve kosti nkeþ  MWE_AdvP] fundu sfg3fþ fasteignabraskarar nkfn þeir fakfn [SCP  sem ct  SCP] skildu sfg3fþ viðvörunarmerkin nhfog frá aþ hinum ghfþ [AP  hrörnandi lhfþof AP]  miðstéttarhverfum nhfþ í aþ [AP  efri lkeþvm AP]  hluta nkeþ Manhattans nhee-ö [AdvP  þarna aa  AdvP] kaupstað nkeo [SCP  þegar c  SCP] þeir fpkfn voru sfg3fþ að cn leggja sng undir ao sig fpkfo skógana nkfog á aþ þessu faheþ svæði nheþ á aþ [AP  ofanverðum lkeþsf AP]  [AP  fjórða lkeþvf AP]  tug nkeþ aldarinnar nveeg . . 
 [SCP þegar c  SCP] Dómkirkjuklukkan nvengs sló sfg3eþ tólf ta á aþ miðnætti nheþ sunnudaginn nkeog [AP  30. lkeovf AP]  apríl nkeo 1939 ta , , lagðist sfm3eþ [AP  danska lvenvf AP]  farþegaskipið nheng Dronning nxen-s Alexandrine nxen-s á ao [AP  ytri lveovm AP]  höfnina nveog í aþ Reykjavík nveþ-ö . . 
í aþ Dagbók nveþ-s Morgunblaðsins nheegs , , [MWE_CP  þar aa sem c  MWE_CP] skráð sþghen var sfg3eþ allt fohen , , [SCP  sem ct  SCP] til ae tíðinda nhfe taldist sfm3eþ í aþ bænum nkeþg , , gat sfg3eþ að cn líta sng nokkrum fokfþ dögum nkfþ [AdvP  síðar aam  AdvP] : : [AP  þýskur lkensf AP]  aðalkonsúll nken , , prófessor nken Werner nken-m Gerlach nken-m að aþ nafni nheþ , , kom sfg3eþ [AdvP  hingað aa  AdvP] með aþ Drottningunni nveþgs á ao mánudaginn nkeog ásamt aþ frú nveþ sinni feveþ [CP  og c  CP] tveim tfvfþ dætrum nvfþ . . 
 [AP fullu lheþsf AP]  nafni nheþ hét sfg3eþ hann fpken Thor nken-m Philip nken-m Axel nken-m , , [CP  en c  CP] Thors nkee-m nafnið nheng var sfg3eþ honum fpkeþ [AP  kærast lhense AP]  , , [CP  og c  CP] við ao það fpheo kusu sfg3fþ börn nhfn hans fpkee [CP  og c  CP] niðjar nkfn í ao karllegg nkeo að cn kenna sng sig fpkfo . . 
synir nkfn hans fpkee voru sfg3fþ [AdvP  lengst aae  AdvP]  [AdvP af aa  AdvP] Thors nken-m , , [AdvP  ekki aa  AdvP] Jensen nken-m . . 
 [AP ungi lkenvf AP]  [CP  og c  CP] [AP  glæsilegi lkenvf AP]  organistinn nkeng , , Páll nken-m Ísólfsson nken-m , , [AP  nýkominn lkensf AP]  úr aþ [AP  margra lhfesf AP]  ára nhfe námi nheþ í aþ Leipzig nxeþ-ö , , var sfg3eþ á aþ leið nveþ í ao heimsókn nveo til ae Jóns nkee-m Norðmann nkee-m píanóleikara nkee . . 
 [SCP þegar c  SCP] hann fpken kom sfg3eþ að aþ Ásbyrgi nheþ-ö , , heimili nheþ Norðmannsfjölskyldunnar nveegs , , heyrði sfg3eþ hann fpken [AP  kröftugan lkeosf AP]  píanóhljóm nkeo . . 
hún fpven hafði sfg3eþ [AdvP  óvart aa  AdvP] komið sng því fpheþ [AdvP  svo aa  AdvP]  [AdvP fyrir aa  AdvP]  [SCP að c  SCP] hún fpven þekkti sfg3eþ engan fokeo í aþ þessu faheþ plássi nheþ . . 
 [AdvP ekki aa  AdvP]  [SCP nema c  SCP] manninn nkeog sinn fekeo [AdvP  auðvitað aa  AdvP]  [CP og c  CP] nokkrar fovfo konur nvfo [SCP  sem ct  SCP] hún fpven hafði sfg3eþ [AdvP  stundum aa  AdvP] spjallað ssg við ao yfir aþ kaffibolla nkeþ . . 
 [AP flestir lkfnse AP]  fylgdust sfm3fþ þeir fpkfn [AdvP  mjög aa  AdvP]  [AdvP lauslega aa  AdvP] með aþ tímanum nkeþg með aþ því fpheþ að cn telja sng máltíðirnar nvfog [SCP  sem ct  SCP] þeim fpkfþ voru sfg3fþ færðar sþgvfn með aþ höppum nhfþ [CP  og c  CP] glöppum nhfþ [CP  og c  CP]  [AdvP aldrei aa  AdvP] á aþ sama fbkeþ tíma nkeþ . . 
þeir fpkfn höfðu sfg3fþ [AdvP  ofan aa  AdvP]  [AdvP af aa  AdvP] fyrir aþ sér fpkfþ með aþ hinum gkfþ [AP  barnalegustu lkfþve AP]  leikjum nkfþ allan fokeo daginn nkeog [CP  og c  CP]  [SCP þegar c  SCP] [AP  dimmt lhensf AP]  var sfg3eþ orðið sþghen varð sfg3eþ [AP  þegjandi lhenof AP]  samkomulag nhen um ao að cn fara sng að cn sofa sng í ao stað nkeo þess fphee að cn bíða sng eftir aþ [AP  ákveðnum lkeþsf AP]  háttatíma nkeþ , , [CP  enda c  CP] vissu sfg3fþ þeir fpkfn [AdvP  aldrei aa  AdvP]  [AdvP nákvæmlega aa  AdvP] hvað fshen tímanum nkeþg leið sfg3eþ ; ; [AdvP  raunar aa  AdvP] var sfg3eþ tímatalið nheng  [AP [AdvP  jafn aa  AdvP] fjölskrúðugt lhensf AP]  [CP  og c  CP] mennirnir nkfng voru sfg3fþ [AP  margir lkfnsf AP]  . . 
 [AP flestar lvfnse AP]  tölvur nvfn , , [MWE_AdvP  hvort c sem c  MWE_AdvP] þær fpvfn eru sfg3fn [AP  stórar lvfnsf AP]  [CP  eða c  CP] [AP  litlar lvfnsf AP]  byggja sfg3fn á aþ [AP  sambærilegum lvfþsf AP]  einingum nvfþ . . 
í aþ þessum fakeþ kafla nkeþ verður sfg3en lýst sþghen [AP  helstu lkfþve AP]  hlutum nkfþ tölvu nvee [CP  og c  CP] er sfg3en miðað sþghen við ao einmenningstölvur nvfo . . 
Bandaríki nhfn-ö Norður-Ameríku nvee-ö höfðu sfg3fþ [AP  lítil lhfosf AP]  afskipti nhfo af aþ stjórnmálum nhfþ Evrópu nvee-ö , , allt fohen  [MWE_PP fram aa á ao  MWE_PP] ár nhfo [AP  síðari lveevm AP]  heimsstyrjaldar nvee . . 
þátttaka nven þeirra fphfe í aþ heimsstyrjöldunum nvfþg tveimur tfvfþ var sfg3eþ álitin sþgven [AP  hvimleið lvensf AP]  [CP  og c  CP] [AP  óhjákvæmileg lvensf AP]  undantekning nven frá aþ þeirri faveþ reglu nveþ að cn láta sng Evrópu nveo-ö [AP  afskiptalausa lveosf AP]  . . 
« « [AP  fatlaðir lkfnsf AP]  unglingar nkfn þurfa sfg3fn [AdvP  ekki aa  AdvP]  [AdvP bara aa  AdvP] að cn berjast snm við ao þær favfo sálarflækjur nvfo [SCP  sem ct  SCP] fylgja sfg3fn unglingsárunum nhfþg , , [CP  heldur c  CP] verða sfg3fn þeir fpkfn [AdvP  einnig aa  AdvP] að cn berjast snm við ao sálarflækjur nvfo samfélagsins nheeg gagnvart aþ [AP  fötluðum lkeþsf AP]  . . » » 
 [AP fatlaðir lkfnsf AP]  voru sfg3fþ [AdvP  ekki aa  AdvP] hluti nken af aþ myndinni nveþg [SCP  þegar c  SCP] ég fp1en var sfg1eþ að cn átta sng mig fp1eo á aþ viðfangsefni nheþ bókarinnar nveeg í aþ upphafi nheþ . . 
 [SCP þegar c  SCP] ég fp1en sneri sfg1eþ [AdvP  heim aa  AdvP] til ae Reykjavíkur nvee-ö úr aþ utanlandsferðum nvfþ á aþ þessum fahfþ árum nhfþ , , 1946 ta , , 1947 ta , , 1951 ta , , 1954 ta , , var sfg3eþ það fphen [AdvP  ævinlega aa  AdvP] að aþ vetrarlagi nheþ , , í aþ febrúar nkeþ [CP  eða c  CP] byrjun nveþ mars nkee , , [AP  löngu lheþsf AP]  [MWE_CP  áður aa en c  MWE_CP] vornálar nvfn fóru sfg3fþ að cn brydda sng  [MWE_PP upp aa á aþ  MWE_PP] árstíðabrigðum nhfþ á aþ túnblettum nkfþ [CP  og c  CP] í aþ húsagörðum nkfþ . . 
húsin nhfng í aþ fæðingarbæ nkeþ mínum fekeþ voru sfg3fþ  [AP [AdvP  jafnan aa  AdvP] grá lhfnsf AP]  [CP  eða c  CP] [AP  skjöldótt lhensf AP]  af aþ veðrum nhfþ [CP  og c  CP] virtust sfm3fþ hafa sng skroppið ssg [AdvP  saman aa  AdvP] af aþ kulvísi nveþ í aþ [AP  þrálátum lkeþsf AP]  vetrarnæðingnum nkeþg . . 
 [AdvP þannig aa  AdvP] voru sfg3fþ staðhættir nkfn [AdvP  heima aa  AdvP] , , [SCP  að c  SCP]  [AdvP fast aa  AdvP] við ao túnið nheog var sfg3eþ tjörn nven , , [SCP  sem ct  SCP] í aþ óx sfg3eþ stör nven [CP  og c  CP]   [AP [AdvP svo aa  AdvP] nefnt lhensf AP]  fergin nhen . . 
þessi faven tjörn nven var sfg3eþ slegin sþgven á ao sumrin nhfog . . 
hjá aþ Vinnueftirliti nheþ-s ríkisins nheeg hafa sfg3fn [AdvP  alllengi aa  AdvP] verið ssg [AdvP  uppi aa  AdvP] áform nhfn um ao útgáfu nveo fréttabréfs nhee [SCP  sem ct  SCP]  [AdvP sérstaklega aa  AdvP] fjallaði svg3eþ um ao vinnuverndarmál nhfo . . 
með aþ útgáfu nveþ á aþ þessu faheþ [AP  fyrsta lheþve AP]  tölublaði nheþ « « fréttabréfs nhee um ao vinnuvernd nveo » » eru sfg3fn þessi fahfn áform nhfn að cn breytast snm í ao veruleika nkeo . . 
